{"/Users/lambda/Documents/lambda/buy-coins/BuyCoins-Challange/api/Resolvers/calculatePrice.resolver.js": {"path":"/Users/lambda/Documents/lambda/buy-coins/BuyCoins-Challange/api/Resolvers/calculatePrice.resolver.js","statementMap":{"0":{"start":{"line":2,"column":23},"end":{"line":18,"column":1}},"1":{"start":{"line":3,"column":25},"end":{"line":3,"column":48}},"2":{"start":{"line":4,"column":41},"end":{"line":4,"column":46}},"3":{"start":{"line":5,"column":15},"end":{"line":5,"column":19}},"4":{"start":{"line":6,"column":19},"end":{"line":6,"column":38}},"5":{"start":{"line":7,"column":2},"end":{"line":11,"column":3}},"6":{"start":{"line":8,"column":4},"end":{"line":8,"column":35}},"7":{"start":{"line":10,"column":4},"end":{"line":10,"column":35}},"8":{"start":{"line":12,"column":2},"end":{"line":17,"column":4}},"9":{"start":{"line":20,"column":0},"end":{"line":24,"column":2}}},"fnMap":{"0":{"name":"(anonymous_0)","decl":{"start":{"line":2,"column":23},"end":{"line":2,"column":24}},"loc":{"start":{"line":2,"column":68},"end":{"line":18,"column":1}},"line":2}},"branchMap":{"0":{"loc":{"start":{"line":7,"column":2},"end":{"line":11,"column":3}},"type":"if","locations":[{"start":{"line":7,"column":2},"end":{"line":11,"column":3}},{"start":{"line":7,"column":2},"end":{"line":11,"column":3}}],"line":7}},"s":{"0":1,"1":2,"2":2,"3":2,"4":2,"5":2,"6":1,"7":1,"8":2,"9":1},"f":{"0":2},"b":{"0":[1,1]},"_coverageSchema":"1a1c01bbd47fc00a2c39e90264f33305004495a9","hash":"a88fad594f283305b81f62d8ddf052dd0e095407"}
}
